{"timestamp":"2026-03-25T18:21:39.345Z","buttonId":"tipo-documentacion-save","label":"Guardar","module":"configuracion/catalogos/tipo-documentacion","extra":{"rowId":1001,"updatedRow":{"cod_tip_docu":1001,"desc_tip_docu":"Documentación Backend","cod_estado":1,"estado_desc":"ACTIVO","label":"Documentación Backend","value":1001}}}
{"timestamp":"2026-03-25T18:21:56.683Z","buttonId":"tipo-documentacion-save","label":"Guardar","module":"configuracion/catalogos/tipo-documentacion","extra":{"rowId":1004,"updatedRow":{"cod_tip_docu":1004,"desc_tip_docu":"Documentación de Componentes","cod_estado":1,"estado_desc":"ACTIVO","label":"Documentación de Componentes","value":1004}}}
{"timestamp":"2026-03-25T18:26:55.763Z","buttonId":"editable-table:row-edit","label":"Editar","module":"configuracion/catalogos/tipo-documentacion","extra":{"rowId":1001,"row":{"cod_tip_docu":1001,"desc_tip_docu":"Documentación Backend","cod_estado":1,"estado_desc":"ACTIVO","label":"Documentación Backend","value":1001}}}
{"timestamp":"2026-03-25T18:26:57.288Z","buttonId":"editable-table:cancel-edit","label":"Cancelar","module":"configuracion/catalogos/tipo-documentacion","extra":{"rowId":1001}}
{"timestamp":"2026-03-25T18:33:41.303Z","buttonId":"navbar-logo-dashboard","module":"dashboard/ui/navbar","label":"Logo Dashboard","route":"/dashboard"}
{"timestamp":"2026-03-25T18:46:11.175Z","buttonId":"demo-boton-await","label":"Demo boton await","module":"examples/logging"}
{"timestamp":"2026-03-25T18:46:11.852Z","buttonId":"demo-link-dashboard","module":"examples/logging","label":"Demo link server-side","route":"/dashboard"}
{"timestamp":"2026-03-25T18:49:18.433Z","buttonId":"demo-boton-cliente","label":"Demo boton cliente","module":"examples/logging","route":"/dashboard/ejemplos/demos","extra":{"source":"LoggingDemos"}}
{"timestamp":"2026-03-25T18:49:19.442Z","buttonId":"demo-boton-await","label":"Demo boton await","module":"examples/logging"}
{"timestamp":"2026-03-25T18:49:20.353Z","buttonId":"demo-link-dashboard","module":"examples/logging","label":"Demo link server-side","route":"/demos"}
{"timestamp":"2026-03-25T18:49:23.625Z","buttonId":"editable-table:row-open","label":"Abrir","module":"examples/components-custom","extra":{"rowId":1,"row":{"id":1,"nombre":"Registro A","activo":true}}}
{"timestamp":"2026-03-25T18:49:24.896Z","buttonId":"editable-table:row-edit","label":"Editar","module":"examples/components-custom","extra":{"rowId":1,"row":{"id":1,"nombre":"Registro A","activo":true}}}
{"timestamp":"2026-03-25T18:49:26.975Z","buttonId":"editable-table:cancel-edit","label":"Cancelar","module":"examples/components-custom","extra":{"rowId":1}}
{"timestamp":"2026-03-25T19:41:49.821Z","buttonId":"editable-table:row-edit","label":"Editar","module":"configuracion/catalogos/tipo-documentacion","extra":{"rowId":1001,"row":{"cod_tip_docu":1001,"desc_tip_docu":"Documentación Backend","cod_estado":1,"estado_desc":"ACTIVO","label":"Documentación Backend","value":1001}}}
{"timestamp":"2026-03-25T19:41:56.613Z","buttonId":"editable-table:cancel-edit","label":"Cancelar","module":"configuracion/catalogos/tipo-documentacion","extra":{"rowId":1001}}
{"timestamp":"2026-03-25T19:42:03.150Z","buttonId":"editable-table:row-edit","label":"Editar","module":"configuracion/catalogos/tipo-documentacion","extra":{"rowId":1001,"row":{"cod_tip_docu":1001,"desc_tip_docu":"Documentación Backend","cod_estado":1,"estado_desc":"ACTIVO","label":"Documentación Backend","value":1001}}}
{"timestamp":"2026-03-25T19:43:13.148Z","buttonId":"editable-table:save-edit","label":"Guardar","module":"configuracion/catalogos/tipo-documentacion","extra":{"rowId":1001}}
{"timestamp":"2026-03-25T19:44:18.712Z","buttonId":"editable-table:save-edit","label":"Guardar","module":"configuracion/catalogos/tipo-documentacion","extra":{"rowId":1001}}
{"timestamp":"2026-03-25T19:44:51.533Z","buttonId":"editable-table:row-edit","label":"Editar","module":"configuracion/catalogos/tipo-documentacion","extra":{"rowId":1001,"row":{"cod_tip_docu":1001,"desc_tip_docu":"Documentación Backend","cod_estado":1,"estado_desc":"ACTIVO","label":"Documentación Backend","value":1001}}}
{"timestamp":"2026-03-25T19:46:29.019Z","buttonId":"editable-table:save-edit","label":"Guardar","module":"configuracion/catalogos/tipo-documentacion","extra":{"rowId":1001}}
{"timestamp":"2026-03-25T19:51:15.654Z","buttonId":"navbar-logo-dashboard","module":"dashboard/ui/navbar","label":"Logo Dashboard","route":"/dashboard"}
{"timestamp":"2026-03-25T19:52:14.749Z","buttonId":"navbar-logo-dashboard","module":"dashboard/ui/navbar","label":"Logo Dashboard","route":"/dashboard"}
{"timestamp":"2026-03-25T20:03:45.618Z","buttonId":"editable-table:row-edit","label":"Editar","module":"configuracion/catalogos/tipo-documentacion","extra":{"rowId":1001,"row":{"cod_tip_docu":1001,"desc_tip_docu":"Documentación de Backend","cod_estado":1,"estado_desc":"ACTIVO","label":"Documentación de Backend","value":1001}}}
{"timestamp":"2026-03-25T20:03:50.987Z","buttonId":"editable-table:cancel-edit","label":"Cancelar","module":"configuracion/catalogos/tipo-documentacion","extra":{"rowId":1001}}
{"timestamp":"2026-03-25T20:16:49.854Z","buttonId":"navbar-logo-dashboard","module":"dashboard/ui/navbar","label":"Logo Dashboard","route":"/dashboard","userId":"4"}
{"timestamp":"2026-03-25T20:41:05.884Z","buttonId":"editable-table:row-edit","label":"Editar","module":"configuracion/catalogos/tipo-documentacion","cod_usuario":"4","userId":"4","extra":{"rowId":1001,"row":{"cod_tip_docu":1001,"desc_tip_docu":"Documentación de Backend","cod_estado":1,"estado_desc":"ACTIVO","label":"Documentación de Backend","value":1001}}}
{"timestamp":"2026-03-25T20:41:12.628Z","buttonId":"editable-table:cancel-edit","label":"Cancelar","module":"configuracion/catalogos/tipo-documentacion","cod_usuario":"4","userId":"4","extra":{"rowId":1001}}
{"timestamp":"2026-03-25T20:41:31.084Z","buttonId":"navbar-logo-dashboard","module":"dashboard/ui/navbar","label":"Logo Dashboard","route":"/dashboard"}
{"timestamp":"2026-03-25T20:43:22.531Z","buttonId":"navbar-logo-dashboard","module":"dashboard/ui/navbar","label":"Logo Dashboard","route":"/dashboard","cod_usuario":"4"}
{"timestamp":"2026-03-25T20:43:28.980Z","buttonId":"editable-table:row-edit","label":"Editar","module":"configuracion/catalogos/tipo-documentacion","cod_usuario":"4","extra":{"rowId":1001,"row":{"cod_tip_docu":1001,"desc_tip_docu":"Documentación de Backend","cod_estado":1,"estado_desc":"ACTIVO","label":"Documentación de Backend","value":1001}}}
{"timestamp":"2026-03-25T20:43:29.690Z","buttonId":"editable-table:cancel-edit","label":"Cancelar","module":"configuracion/catalogos/tipo-documentacion","cod_usuario":"4","extra":{"rowId":1001}}
{"timestamp":"2026-03-25T21:09:48.716Z","buttonId":"navbar-logo-dashboard","module":"dashboard/ui/navbar","label":"Logo Dashboard","route":"/dashboard","cod_usuario":"4"}
{"timestamp":"2026-03-25T21:12:37.233Z","buttonId":"modulos-select-categoria","label":"Seleccionar categoria","module":"dashboard/ui/modulos","route":"/dashboard//configuracion/crud/catalogo_documentacion","cod_usuario":"4","extra":{"moduloId":4,"menuId":1,"categoriaId":16,"moduloNombre":"Configuracion","menuNombre":"Catalogos","categoriaNombre":"Catálogo de Documentación"}}
{"timestamp":"2026-03-25T21:13:05.186Z","buttonId":"modulos-select-categoria","label":"Seleccionar categoria","module":"dashboard/ui/modulos","route":"/dashboard//configuracion/crud/catalogo_documentacion","cod_usuario":"4","extra":{"moduloId":4,"menuId":1,"categoriaId":16,"moduloNombre":"Configuracion","menuNombre":"Catalogos","categoriaNombre":"Catálogo de Documentación"}}
{"timestamp":"2026-03-25T21:39:38.356Z","buttonId":"navbar-logo-dashboard","module":"dashboard/ui/navbar","label":"Logo Dashboard","route":"/dashboard","cod_usuario":"4"}
{"timestamp":"2026-03-25T21:41:04.255Z","buttonId":"navbar-logo-dashboard","module":"dashboard/ui/navbar","label":"Logo Dashboard","route":"/dashboard","cod_usuario":"4"}
{"timestamp":"2026-03-25T23:33:31.793Z","buttonId":"editable-table:row-edit","label":"Editar","module":"configuracion/catalogos/tipo-documentacion","cod_usuario":"4","extra":{"rowId":6,"row":{"cod_commodity":6,"nombre":"ENERGÍA","descripcion":"Gas natural, carbón o gasolina.","cod_estado":1,"label":"ENERGÍA","value":6}}}
{"timestamp":"2026-03-25T23:33:33.233Z","buttonId":"editable-table:cancel-edit","label":"Cancelar","module":"configuracion/catalogos/tipo-documentacion","cod_usuario":"4","extra":{"rowId":6}}
{"timestamp":"2026-04-06T18:07:34.776Z","buttonId":"editable-table:row-edit","label":"Editar","module":"configuracion/catalogos/tipo-documentacion","cod_usuario":"4","extra":{"rowId":1004,"row":{"cod_tip_docu":1004,"desc_tip_docu":"Documentación de Componentes","cod_estado":1,"estado_desc":"ACTIVO","label":"Documentación de Componentes","value":1004}}}
{"timestamp":"2026-04-06T18:07:36.208Z","buttonId":"editable-table:cancel-edit","label":"Cancelar","module":"configuracion/catalogos/tipo-documentacion","cod_usuario":"4","extra":{"rowId":1004}}
{"timestamp":"2026-04-06T18:10:24.872Z","buttonId":"editable-table:create","label":"Crear","module":"configuracion/catalogos/commodities","cod_usuario":"4","extra":{"row":{"nombre":"TEST","descripcion":"TEST"}}}
{"timestamp":"2026-04-08T16:50:25.288Z","buttonId":"navbar-logo-dashboard","module":"dashboard/ui/navbar","label":"Logo Dashboard","route":"/dashboard","cod_usuario":"4"}
{"timestamp":"2026-04-08T16:50:30.670Z","buttonId":"editable-table:create","label":"Crear","module":"configuracion/catalogos/tipo-documentacion","cod_usuario":"4","extra":{"row":{"nombre":"TEST","descripcion":"TEST"}}}
{"timestamp":"2026-04-08T16:51:02.682Z","buttonId":"editable-table:create","label":"Crear","module":"configuracion/catalogos/tipo-documentacion","cod_usuario":"4","extra":{"row":{"nombre":"TEST","descripcion":"TEST"}}}
{"timestamp":"2026-04-08T16:51:34.542Z","buttonId":"editable-table:create","label":"Crear","module":"configuracion/catalogos/tipo-documentacion","cod_usuario":"4","extra":{"row":{"nombre":"TEST","descripcion":"TEST"}}}
{"timestamp":"2026-04-08T16:53:58.477Z","buttonId":"editable-table:create","label":"Crear","module":"configuracion/catalogos/tipo-documentacion","cod_usuario":"4","extra":{"row":{"nombre":"TEST","descripcion":"TEST"}}}
{"timestamp":"2026-04-08T16:53:59.671Z","buttonId":"editable-table:clear-create","label":"Limpiar","module":"configuracion/catalogos/tipo-documentacion","cod_usuario":"4"}
{"timestamp":"2026-04-08T16:54:00.071Z","buttonId":"editable-table:clear-create","label":"Limpiar","module":"configuracion/catalogos/tipo-documentacion","cod_usuario":"4"}
{"timestamp":"2026-04-08T16:54:59.622Z","buttonId":"editable-table:create","label":"Crear","module":"configuracion/catalogos/tipo-documentacion","cod_usuario":"4","extra":{"row":{"nombre":"test","descripcion":"test"}}}
{"timestamp":"2026-04-08T16:55:00.236Z","buttonId":"editable-table:create","label":"Crear","module":"configuracion/catalogos/tipo-documentacion","cod_usuario":"4","extra":{"row":{}}}
{"timestamp":"2026-04-08T16:55:04.849Z","buttonId":"editable-table:create","label":"Crear","module":"configuracion/catalogos/tipo-documentacion","cod_usuario":"4","extra":{"row":{"nombre":"test","descripcion":"test"}}}
{"timestamp":"2026-04-08T16:55:07.043Z","buttonId":"editable-table:create","label":"Crear","module":"configuracion/catalogos/tipo-documentacion","cod_usuario":"4","extra":{"row":{}}}
{"timestamp":"2026-04-08T16:55:07.534Z","buttonId":"editable-table:create","label":"Crear","module":"configuracion/catalogos/tipo-documentacion","cod_usuario":"4","extra":{"row":{}}}
{"timestamp":"2026-04-08T16:55:10.727Z","buttonId":"editable-table:create","label":"Crear","module":"configuracion/catalogos/tipo-documentacion","cod_usuario":"4","extra":{"row":{"nombre":"test","descripcion":"test"}}}
{"timestamp":"2026-04-08T16:57:30.435Z","buttonId":"editable-table:create","label":"Crear","module":"configuracion/catalogos/tipo-documentacion","cod_usuario":"4","extra":{"row":{"nombre":"test","descripcion":"test"}}}
{"timestamp":"2026-04-08T16:57:57.125Z","buttonId":"editable-table:create","label":"Crear","module":"configuracion/catalogos/tipo-documentacion","cod_usuario":"4","extra":{"row":{"nombre":"test","descripcion":"test"}}}
{"timestamp":"2026-04-08T16:59:39.507Z","buttonId":"editable-table:create","label":"Crear","module":"configuracion/catalogos/tipo-documentacion","cod_usuario":"4","extra":{"row":{"nombre":"test","descripcion":"test"}}}
{"timestamp":"2026-04-08T16:59:55.688Z","buttonId":"editable-table:clear-create","label":"Limpiar","module":"configuracion/catalogos/tipo-documentacion","cod_usuario":"4"}
{"timestamp":"2026-04-08T17:01:21.011Z","buttonId":"editable-table:row-delete","label":"Eliminar","module":"configuracion/catalogos/tipo-documentacion","cod_usuario":"4","extra":{"rowId":13,"row":{"cod_commodity":13,"nombre":"test","descripcion":"test","cod_estado":1,"label":"test","value":13}}}
{"timestamp":"2026-04-08T17:01:25.633Z","buttonId":"editable-table:row-delete","label":"Eliminar","module":"configuracion/catalogos/tipo-documentacion","cod_usuario":"4","extra":{"rowId":13,"row":{"cod_commodity":13,"nombre":"test","descripcion":"test","cod_estado":4,"label":"test","value":13}}}
{"timestamp":"2026-04-08T17:06:35.630Z","buttonId":"editable-table:create","label":"Crear","module":"configuracion/catalogos/tipo-documentacion","cod_usuario":"4","extra":{"row":{"nombre":"test","descripcion":"test"}}}
{"timestamp":"2026-04-08T17:06:38.017Z","buttonId":"editable-table:row-delete","label":"Eliminar","module":"configuracion/catalogos/tipo-documentacion","cod_usuario":"4","extra":{"rowId":13,"row":{"cod_commodity":13,"nombre":"test","descripcion":"test","cod_estado":4,"label":"test","value":13}}}
{"timestamp":"2026-04-08T17:06:39.361Z","buttonId":"editable-table:row-delete","label":"Eliminar","module":"configuracion/catalogos/tipo-documentacion","cod_usuario":"4","extra":{"rowId":14,"row":{"cod_commodity":14,"nombre":"test","descripcion":"test","cod_estado":1,"label":"test","value":14}}}
{"timestamp":"2026-04-08T17:07:10.767Z","buttonId":"editable-table:create","label":"Crear","module":"configuracion/catalogos/tipo-documentacion","cod_usuario":"4","extra":{"row":{"nombre":"test","descripcion":"test"}}}
{"timestamp":"2026-04-08T17:07:13.102Z","buttonId":"editable-table:row-delete","label":"Eliminar","module":"configuracion/catalogos/tipo-documentacion","cod_usuario":"4","extra":{"rowId":15,"row":{"cod_commodity":15,"nombre":"test","descripcion":"test","cod_estado":1,"label":"test","value":15}}}
{"timestamp":"2026-04-08T18:10:28.282Z","buttonId":"editable-table:row-edit","label":"Editar","module":"configuracion/catalogos/Commodity","cod_usuario":"4","extra":{"rowId":7,"row":{"cod_commodity":7,"nombre":"AGRICULTURA","descripcion":"Maíz. trigo, azucar, café, algodón.","cod_estado":1,"label":"AGRICULTURA","value":7}}}
{"timestamp":"2026-04-08T18:10:40.425Z","buttonId":"editable-table:cancel-edit","label":"Cancelar","module":"configuracion/catalogos/Commodity","cod_usuario":"4","extra":{"rowId":7}}
{"timestamp":"2026-04-08T18:10:54.454Z","buttonId":"editable-table:row-edit","label":"Editar","module":"configuracion/catalogos/Commodity","cod_usuario":"4","extra":{"rowId":6,"row":{"cod_commodity":6,"nombre":"ENERGÍA","descripcion":"Gas natural, carbón o gasolina.","cod_estado":1,"label":"ENERGÍA","value":6}}}
{"timestamp":"2026-04-08T18:10:55.533Z","buttonId":"editable-table:cancel-edit","label":"Cancelar","module":"configuracion/catalogos/Commodity","cod_usuario":"4","extra":{"rowId":6}}
{"timestamp":"2026-04-08T18:10:57.137Z","buttonId":"editable-table:row-edit","label":"Editar","module":"configuracion/catalogos/Commodity","cod_usuario":"4","extra":{"rowId":6,"row":{"cod_commodity":6,"nombre":"ENERGÍA","descripcion":"Gas natural, carbón o gasolina.","cod_estado":1,"label":"ENERGÍA","value":6}}}
{"timestamp":"2026-04-08T18:10:58.654Z","buttonId":"editable-table:cancel-edit","label":"Cancelar","module":"configuracion/catalogos/Commodity","cod_usuario":"4","extra":{"rowId":6}}
{"timestamp":"2026-04-08T18:12:03.599Z","buttonId":"navbar-logo-dashboard","module":"dashboard/ui/navbar","label":"Logo Dashboard","route":"/dashboard","cod_usuario":"4"}
{"timestamp":"2026-04-15T22:15:42.714Z","buttonId":"navbar-logo-dashboard","module":"dashboard/ui/navbar","label":"Logo Dashboard","route":"/dashboard","cod_usuario":"4"}
{"timestamp":"2026-04-16T22:16:31.099Z","buttonId":"navbar-logo-dashboard","module":"dashboard/ui/navbar","label":"Logo Dashboard","route":"/dashboard","cod_usuario":"4"}
{"timestamp":"2026-04-17T15:27:02.091Z","buttonId":"navbar-logo-dashboard","module":"dashboard/ui/navbar","label":"Logo Dashboard","route":"/dashboard","cod_usuario":"4"}
{"timestamp":"2026-04-20T14:31:10.026Z","buttonId":"navbar-logo-dashboard","module":"dashboard/ui/navbar","label":"Logo Dashboard","route":"/dashboard","cod_usuario":"4"}
{"timestamp":"2026-04-20T15:27:31.125Z","buttonId":"navbar-logo-dashboard","module":"dashboard/ui/navbar","label":"Logo Dashboard","route":"/dashboard","cod_usuario":"4"}
