{"timestamp":"2026-03-25T21:14:27.763Z","eventName":"toggle_modulo","kind":"toggle","module":"dashboard/ui/modulos","cod_usuario":"4","extra":{"moduloId":7,"nextOpen":true}}
{"timestamp":"2026-03-25T21:14:30.004Z","eventName":"toggle_modulo","kind":"toggle","module":"dashboard/ui/modulos","cod_usuario":"4","extra":{"moduloId":7,"nextOpen":false}}
{"timestamp":"2026-03-25T21:14:35.418Z","eventName":"toggle_modulo","kind":"toggle","module":"dashboard/ui/modulos","cod_usuario":"4","extra":{"moduloId":12,"nextOpen":true}}
{"timestamp":"2026-03-25T21:14:35.960Z","eventName":"toggle_modulo","kind":"toggle","module":"dashboard/ui/modulos","cod_usuario":"4","extra":{"moduloId":12,"nextOpen":false}}
{"timestamp":"2026-03-25T21:14:36.800Z","eventName":"toggle_modulo","kind":"toggle","module":"dashboard/ui/modulos","cod_usuario":"4","extra":{"moduloId":4,"nextOpen":true}}
{"timestamp":"2026-03-25T21:14:39.671Z","buttonId":"modulos-toggle-menu","label":"Abrir menu","module":"dashboard/ui/modulos","cod_usuario":"4","extra":{"moduloId":4,"menuId":1,"nextOpen":true}}
{"timestamp":"2026-03-25T21:14:39.680Z","eventName":"toggle_menu","kind":"toggle","module":"dashboard/ui/modulos","cod_usuario":"4","extra":{"moduloId":4,"menuId":1,"nextOpen":true}}
{"timestamp":"2026-03-25T21:14:40.719Z","buttonId":"modulos-select-categoria","label":"Seleccionar categoria","module":"dashboard/ui/modulos","route":"/dashboard//configuracion/crud/catalogo_documentacion","cod_usuario":"4","extra":{"moduloId":4,"menuId":1,"categoriaId":16,"moduloNombre":"Configuracion","menuNombre":"Catalogos","categoriaNombre":"Catálogo de Documentación"}}
{"timestamp":"2026-03-25T21:15:09.709Z","buttonId":"modulos-select-categoria","label":"Seleccionar categoria","module":"dashboard/ui/modulos","route":"/dashboard//configuracion/crud/catalogo_errores","cod_usuario":"4","extra":{"moduloId":4,"menuId":1,"categoriaId":15,"moduloNombre":"Configuracion","menuNombre":"Catalogos","categoriaNombre":"Catálogo de Errores"}}
{"timestamp":"2026-03-25T21:15:12.605Z","buttonId":"modulos-select-categoria","label":"Seleccionar categoria","module":"dashboard/ui/modulos","route":"/dashboard//configuracion/crud/catalogo_documentacion","cod_usuario":"4","extra":{"moduloId":4,"menuId":1,"categoriaId":16,"moduloNombre":"Configuracion","menuNombre":"Catalogos","categoriaNombre":"Catálogo de Documentación"}}
{"timestamp":"2026-03-25T21:15:14.023Z","buttonId":"modulos-toggle-menu","label":"Cerrar menu","module":"dashboard/ui/modulos","cod_usuario":"4","extra":{"moduloId":4,"menuId":1,"nextOpen":false}}
{"timestamp":"2026-03-25T21:15:14.032Z","eventName":"toggle_menu","kind":"toggle","module":"dashboard/ui/modulos","cod_usuario":"4","extra":{"moduloId":4,"menuId":1,"nextOpen":false}}
{"timestamp":"2026-03-25T21:39:33.163Z","buttonId":"modulos-toggle-menu","label":"Abrir menu","module":"dashboard/ui/modulos","cod_usuario":"4","extra":{"moduloId":4,"menuId":3,"nextOpen":true}}
{"timestamp":"2026-03-25T21:39:33.165Z","eventName":"toggle_menu","kind":"toggle","module":"dashboard/ui/modulos","cod_usuario":"4","extra":{"moduloId":4,"menuId":3,"nextOpen":true}}
{"timestamp":"2026-03-25T21:39:34.272Z","eventName":"toggle_menu","kind":"toggle","module":"dashboard/ui/modulos","cod_usuario":"4","extra":{"moduloId":4,"menuId":3,"nextOpen":false}}
{"timestamp":"2026-03-25T21:39:34.272Z","buttonId":"modulos-toggle-menu","label":"Cerrar menu","module":"dashboard/ui/modulos","cod_usuario":"4","extra":{"moduloId":4,"menuId":3,"nextOpen":false}}
{"timestamp":"2026-03-25T21:39:35.106Z","buttonId":"modulos-toggle-menu","label":"Abrir menu","module":"dashboard/ui/modulos","cod_usuario":"4","extra":{"moduloId":4,"menuId":1,"nextOpen":true}}
{"timestamp":"2026-03-25T21:39:35.107Z","eventName":"toggle_menu","kind":"toggle","module":"dashboard/ui/modulos","cod_usuario":"4","extra":{"moduloId":4,"menuId":1,"nextOpen":true}}
{"timestamp":"2026-03-25T21:39:35.841Z","buttonId":"modulos-select-categoria","label":"Seleccionar categoria","module":"dashboard/ui/modulos","route":"/dashboard//configuracion/crud/catalogo_documentacion","cod_usuario":"4","extra":{"moduloId":4,"menuId":1,"categoriaId":16,"moduloNombre":"Configuracion","menuNombre":"Catalogos","categoriaNombre":"Catálogo de Documentación"}}
{"timestamp":"2026-03-25T21:39:40.345Z","buttonId":"modulos-select-categoria","label":"Seleccionar categoria","module":"dashboard/ui/modulos","route":"/dashboard//configuracion/crud/catalogo_documentacion","cod_usuario":"4","extra":{"moduloId":4,"menuId":1,"categoriaId":16,"moduloNombre":"Configuracion","menuNombre":"Catalogos","categoriaNombre":"Catálogo de Documentación"}}
{"timestamp":"2026-03-25T21:41:05.470Z","buttonId":"modulos-select-categoria","label":"Seleccionar categoria","module":"dashboard/ui/modulos","route":"/dashboard//configuracion/crud/catalogo_documentacion","cod_usuario":"4","extra":{"moduloId":4,"menuId":1,"categoriaId":16,"moduloNombre":"Configuracion","menuNombre":"Catalogos","categoriaNombre":"Catálogo de Documentación"}}
{"timestamp":"2026-03-25T21:46:25.644Z","eventName":"toggle_modulo","kind":"toggle","module":"dashboard/ui/modulos","cod_usuario":"4","extra":{"moduloId":4,"nextOpen":true}}
{"timestamp":"2026-03-25T21:46:27.296Z","buttonId":"modulos-toggle-menu","label":"Abrir menu","module":"dashboard/ui/modulos","cod_usuario":"4","extra":{"moduloId":4,"menuId":1,"nextOpen":true}}
{"timestamp":"2026-03-25T21:46:27.302Z","eventName":"toggle_menu","kind":"toggle","module":"dashboard/ui/modulos","cod_usuario":"4","extra":{"moduloId":4,"menuId":1,"nextOpen":true}}
{"timestamp":"2026-03-25T21:46:28.353Z","buttonId":"modulos-select-categoria","label":"Seleccionar categoria","module":"dashboard/ui/modulos","route":"/dashboard//configuracion/crud/catalogo_documentacion","cod_usuario":"4","extra":{"moduloId":4,"menuId":1,"categoriaId":16,"moduloNombre":"Configuracion","menuNombre":"Catalogos","categoriaNombre":"Catálogo de Documentación"}}
{"timestamp":"2026-03-25T21:46:32.037Z","buttonId":"modulos-select-categoria","label":"Seleccionar categoria","module":"dashboard/ui/modulos","route":"/dashboard//configuracion/crud/catalogo_documentacion","cod_usuario":"4","extra":{"moduloId":4,"menuId":1,"categoriaId":16,"moduloNombre":"Configuracion","menuNombre":"Catalogos","categoriaNombre":"Catálogo de Documentación"}}
{"timestamp":"2026-03-25T22:04:09.723Z","eventName":"toggle_modulo","kind":"toggle","module":"dashboard/ui/modulos","cod_usuario":"4","extra":{"moduloId":4,"nextOpen":true}}
{"timestamp":"2026-03-25T22:04:10.609Z","buttonId":"modulos-toggle-menu","label":"Abrir menu","module":"dashboard/ui/modulos","cod_usuario":"4","extra":{"moduloId":4,"menuId":7,"nextOpen":true}}
{"timestamp":"2026-03-25T22:04:10.617Z","eventName":"toggle_menu","kind":"toggle","module":"dashboard/ui/modulos","cod_usuario":"4","extra":{"moduloId":4,"menuId":7,"nextOpen":true}}
{"timestamp":"2026-03-25T22:04:11.148Z","buttonId":"modulos-toggle-menu","label":"Abrir menu","module":"dashboard/ui/modulos","cod_usuario":"4","extra":{"moduloId":4,"menuId":1,"nextOpen":true}}
{"timestamp":"2026-03-25T22:04:11.149Z","eventName":"toggle_menu","kind":"toggle","module":"dashboard/ui/modulos","cod_usuario":"4","extra":{"moduloId":4,"menuId":1,"nextOpen":true}}
{"timestamp":"2026-03-25T22:04:12.399Z","buttonId":"modulos-select-categoria","label":"Seleccionar categoria","module":"dashboard/ui/modulos","route":"/dashboard//configuracion/crud/catalogo_errores","cod_usuario":"4","extra":{"moduloId":4,"menuId":1,"categoriaId":15,"moduloNombre":"Configuracion","menuNombre":"Catalogos","categoriaNombre":"Catálogo de Errores"}}
{"timestamp":"2026-03-25T22:23:43.032Z","buttonId":"modulos-toggle-menu","label":"Abrir menu","module":"dashboard/ui/modulos","cod_usuario":"4","extra":{"moduloId":4,"menuId":1,"nextOpen":true}}
{"timestamp":"2026-03-25T22:23:43.034Z","eventName":"toggle_menu","kind":"toggle","module":"dashboard/ui/modulos","cod_usuario":"4","extra":{"moduloId":4,"menuId":1,"nextOpen":true}}
{"timestamp":"2026-03-25T22:23:44.142Z","buttonId":"modulos-select-categoria","label":"Seleccionar categoria","module":"dashboard/ui/modulos","route":"/dashboard//configuracion/crud/catalogo_documentacion","cod_usuario":"4","extra":{"moduloId":4,"menuId":1,"categoriaId":16,"moduloNombre":"Configuracion","menuNombre":"Catalogos","categoriaNombre":"Catálogo de Documentación"}}
{"timestamp":"2026-03-25T22:24:58.796Z","buttonId":"modulos-select-categoria","label":"Seleccionar categoria","module":"dashboard/ui/modulos","route":"/dashboard//configuracion/crud/catalogo_errores","cod_usuario":"4","extra":{"moduloId":4,"menuId":1,"categoriaId":15,"moduloNombre":"Configuracion","menuNombre":"Catalogos","categoriaNombre":"Catálogo de Errores"}}
{"timestamp":"2026-03-25T22:33:47.899Z","buttonId":"modulos-select-categoria","label":"Seleccionar categoria","module":"dashboard/ui/modulos","route":"/dashboard//configuracion/crud/catalogo_documentacion","cod_usuario":"4","extra":{"moduloId":4,"menuId":1,"categoriaId":16,"moduloNombre":"Configuracion","menuNombre":"Catalogos","categoriaNombre":"Catálogo de Documentación"}}
{"timestamp":"2026-03-25T22:34:14.983Z","buttonId":"modulos-select-categoria","label":"Seleccionar categoria","module":"dashboard/ui/modulos","route":"/dashboard//configuracion/crud/catalogo_errores","cod_usuario":"4","extra":{"moduloId":4,"menuId":1,"categoriaId":15,"moduloNombre":"Configuracion","menuNombre":"Catalogos","categoriaNombre":"Catálogo de Errores"}}
{"timestamp":"2026-03-25T22:34:16.169Z","buttonId":"modulos-select-categoria","label":"Seleccionar categoria","module":"dashboard/ui/modulos","route":"/dashboard//configuracion/crud/catalogo_documentacion","cod_usuario":"4","extra":{"moduloId":4,"menuId":1,"categoriaId":16,"moduloNombre":"Configuracion","menuNombre":"Catalogos","categoriaNombre":"Catálogo de Documentación"}}
{"timestamp":"2026-03-25T22:44:04.253Z","buttonId":"modulos-select-categoria","label":"Seleccionar categoria","module":"dashboard/ui/modulos","route":"/dashboard//configuracion/crud/catalogo_errores","cod_usuario":"4","extra":{"moduloId":4,"menuId":1,"categoriaId":15,"moduloNombre":"Configuracion","menuNombre":"Catalogos","categoriaNombre":"Catálogo de Errores"}}
{"timestamp":"2026-03-25T23:30:54.363Z","buttonId":"modulos-toggle-menu","label":"Abrir menu","module":"dashboard/ui/modulos","cod_usuario":"4","extra":{"moduloId":4,"menuId":1,"nextOpen":true}}
{"timestamp":"2026-03-25T23:30:54.369Z","eventName":"toggle_menu","kind":"toggle","module":"dashboard/ui/modulos","cod_usuario":"4","extra":{"moduloId":4,"menuId":1,"nextOpen":true}}
{"timestamp":"2026-03-25T23:30:55.314Z","buttonId":"modulos-select-categoria","label":"Seleccionar categoria","module":"dashboard/ui/modulos","route":"/dashboard//configuracion/crud/commodities","cod_usuario":"4","extra":{"moduloId":4,"menuId":1,"categoriaId":72,"moduloNombre":"Configuracion","menuNombre":"Catalogos","categoriaNombre":"Commodities"}}
{"timestamp":"2026-03-25T23:33:45.053Z","buttonId":"modulos-select-categoria","label":"Seleccionar categoria","module":"dashboard/ui/modulos","route":"/dashboard//configuracion/crud/catalogo_documentacion","cod_usuario":"4","extra":{"moduloId":4,"menuId":1,"categoriaId":16,"moduloNombre":"Configuracion","menuNombre":"Catalogos","categoriaNombre":"Catálogo de Documentación"}}
{"timestamp":"2026-03-25T23:33:47.968Z","buttonId":"modulos-select-categoria","label":"Seleccionar categoria","module":"dashboard/ui/modulos","route":"/dashboard//configuracion/crud/commodities","cod_usuario":"4","extra":{"moduloId":4,"menuId":1,"categoriaId":72,"moduloNombre":"Configuracion","menuNombre":"Catalogos","categoriaNombre":"Commodities"}}
{"timestamp":"2026-03-25T23:33:49.811Z","buttonId":"modulos-select-categoria","label":"Seleccionar categoria","module":"dashboard/ui/modulos","route":"/dashboard//configuracion/crud/catalogo_errores","cod_usuario":"4","extra":{"moduloId":4,"menuId":1,"categoriaId":15,"moduloNombre":"Configuracion","menuNombre":"Catalogos","categoriaNombre":"Catálogo de Errores"}}
{"timestamp":"2026-03-25T23:33:52.507Z","buttonId":"modulos-select-categoria","label":"Seleccionar categoria","module":"dashboard/ui/modulos","route":"/dashboard//configuracion/crud/commodities","cod_usuario":"4","extra":{"moduloId":4,"menuId":1,"categoriaId":72,"moduloNombre":"Configuracion","menuNombre":"Catalogos","categoriaNombre":"Commodities"}}
{"timestamp":"2026-04-06T18:07:37.808Z","buttonId":"modulos-toggle-menu","label":"Abrir menu","module":"dashboard/ui/modulos","cod_usuario":"4","extra":{"moduloId":4,"menuId":3,"nextOpen":true}}
{"timestamp":"2026-04-06T18:07:37.913Z","eventName":"toggle_menu","kind":"toggle","module":"dashboard/ui/modulos","cod_usuario":"4","extra":{"moduloId":4,"menuId":3,"nextOpen":true}}
{"timestamp":"2026-04-06T18:07:38.710Z","buttonId":"modulos-toggle-menu","label":"Cerrar menu","module":"dashboard/ui/modulos","cod_usuario":"4","extra":{"moduloId":4,"menuId":3,"nextOpen":false}}
{"timestamp":"2026-04-06T18:07:38.711Z","eventName":"toggle_menu","kind":"toggle","module":"dashboard/ui/modulos","cod_usuario":"4","extra":{"moduloId":4,"menuId":3,"nextOpen":false}}
{"timestamp":"2026-04-06T18:07:39.648Z","buttonId":"modulos-toggle-menu","label":"Abrir menu","module":"dashboard/ui/modulos","cod_usuario":"4","extra":{"moduloId":4,"menuId":1,"nextOpen":true}}
{"timestamp":"2026-04-06T18:07:39.648Z","eventName":"toggle_menu","kind":"toggle","module":"dashboard/ui/modulos","cod_usuario":"4","extra":{"moduloId":4,"menuId":1,"nextOpen":true}}
{"timestamp":"2026-04-06T18:07:40.544Z","buttonId":"modulos-select-categoria","label":"Seleccionar categoria","module":"dashboard/ui/modulos","route":"/dashboard//configuracion/crud/catalogo_errores","cod_usuario":"4","extra":{"moduloId":4,"menuId":1,"categoriaId":15,"moduloNombre":"Configuracion","menuNombre":"Catalogos","categoriaNombre":"Catálogo de Errores"}}
{"timestamp":"2026-04-06T18:07:42.430Z","buttonId":"modulos-select-categoria","label":"Seleccionar categoria","module":"dashboard/ui/modulos","route":"/dashboard//configuracion/crud/commodities","cod_usuario":"4","extra":{"moduloId":4,"menuId":1,"categoriaId":72,"moduloNombre":"Configuracion","menuNombre":"Catalogos","categoriaNombre":"Commodities"}}
{"timestamp":"2026-04-06T18:07:44.320Z","buttonId":"modulos-select-categoria","label":"Seleccionar categoria","module":"dashboard/ui/modulos","route":"/dashboard//configuracion/crud/catalogo_documentacion","cod_usuario":"4","extra":{"moduloId":4,"menuId":1,"categoriaId":16,"moduloNombre":"Configuracion","menuNombre":"Catalogos","categoriaNombre":"Catálogo de Documentación"}}
{"timestamp":"2026-04-06T18:07:46.050Z","buttonId":"modulos-select-categoria","label":"Seleccionar categoria","module":"dashboard/ui/modulos","route":"/dashboard//configuracion/crud/catalogo_errores","cod_usuario":"4","extra":{"moduloId":4,"menuId":1,"categoriaId":15,"moduloNombre":"Configuracion","menuNombre":"Catalogos","categoriaNombre":"Catálogo de Errores"}}
{"timestamp":"2026-04-06T18:07:48.266Z","buttonId":"modulos-select-categoria","label":"Seleccionar categoria","module":"dashboard/ui/modulos","route":"/dashboard//configuracion/crud/commodities","cod_usuario":"4","extra":{"moduloId":4,"menuId":1,"categoriaId":72,"moduloNombre":"Configuracion","menuNombre":"Catalogos","categoriaNombre":"Commodities"}}
{"timestamp":"2026-04-08T16:50:46.199Z","buttonId":"modulos-toggle-menu","label":"Abrir menu","module":"dashboard/ui/modulos","cod_usuario":"4","extra":{"moduloId":4,"menuId":1,"nextOpen":true}}
{"timestamp":"2026-04-08T16:50:48.068Z","eventName":"toggle_modulo","kind":"toggle","module":"dashboard/ui/modulos","cod_usuario":"4","extra":{"moduloId":4,"nextOpen":true}}
{"timestamp":"2026-04-08T16:50:48.071Z","eventName":"toggle_menu","kind":"toggle","module":"dashboard/ui/modulos","cod_usuario":"4","extra":{"moduloId":4,"menuId":1,"nextOpen":true}}
{"timestamp":"2026-04-08T16:50:49.758Z","buttonId":"modulos-select-categoria","label":"Seleccionar categoria","module":"dashboard/ui/modulos","route":"/dashboard//configuracion/crud/commodities","cod_usuario":"4","extra":{"moduloId":4,"menuId":1,"categoriaId":72,"moduloNombre":"Configuracion","menuNombre":"Catalogos","categoriaNombre":"Commodities"}}
{"timestamp":"2026-04-08T16:59:57.500Z","buttonId":"modulos-toggle-menu","label":"Abrir menu","module":"dashboard/ui/modulos","cod_usuario":"4","extra":{"moduloId":4,"menuId":3,"nextOpen":true}}
{"timestamp":"2026-04-08T16:59:57.508Z","eventName":"toggle_menu","kind":"toggle","module":"dashboard/ui/modulos","cod_usuario":"4","extra":{"moduloId":4,"menuId":3,"nextOpen":true}}
{"timestamp":"2026-04-08T16:59:59.089Z","buttonId":"modulos-toggle-menu","label":"Cerrar menu","module":"dashboard/ui/modulos","cod_usuario":"4","extra":{"moduloId":4,"menuId":3,"nextOpen":false}}
{"timestamp":"2026-04-08T16:59:59.090Z","eventName":"toggle_menu","kind":"toggle","module":"dashboard/ui/modulos","cod_usuario":"4","extra":{"moduloId":4,"menuId":3,"nextOpen":false}}
{"timestamp":"2026-04-08T17:00:00.355Z","buttonId":"modulos-toggle-menu","label":"Abrir menu","module":"dashboard/ui/modulos","cod_usuario":"4","extra":{"moduloId":4,"menuId":1,"nextOpen":true}}
{"timestamp":"2026-04-08T17:00:00.355Z","eventName":"toggle_menu","kind":"toggle","module":"dashboard/ui/modulos","cod_usuario":"4","extra":{"moduloId":4,"menuId":1,"nextOpen":true}}
{"timestamp":"2026-04-08T17:00:01.527Z","buttonId":"modulos-select-categoria","label":"Seleccionar categoria","module":"dashboard/ui/modulos","route":"/dashboard//configuracion/crud/commodities","cod_usuario":"4","extra":{"moduloId":4,"menuId":1,"categoriaId":72,"moduloNombre":"Configuracion","menuNombre":"Catalogos","categoriaNombre":"Commodities"}}
{"timestamp":"2026-04-08T17:00:02.349Z","buttonId":"modulos-select-categoria","label":"Seleccionar categoria","module":"dashboard/ui/modulos","route":"/dashboard//configuracion/crud/catalogo_errores","cod_usuario":"4","extra":{"moduloId":4,"menuId":1,"categoriaId":15,"moduloNombre":"Configuracion","menuNombre":"Catalogos","categoriaNombre":"Catálogo de Errores"}}
{"timestamp":"2026-04-08T17:00:03.808Z","buttonId":"modulos-select-categoria","label":"Seleccionar categoria","module":"dashboard/ui/modulos","route":"/dashboard//configuracion/crud/commodities","cod_usuario":"4","extra":{"moduloId":4,"menuId":1,"categoriaId":72,"moduloNombre":"Configuracion","menuNombre":"Catalogos","categoriaNombre":"Commodities"}}
{"timestamp":"2026-04-08T18:04:38.809Z","buttonId":"modulos-toggle-menu","label":"Abrir menu","module":"dashboard/ui/modulos","cod_usuario":"4","extra":{"moduloId":4,"menuId":1,"nextOpen":true}}
{"timestamp":"2026-04-08T18:04:38.810Z","eventName":"toggle_menu","kind":"toggle","module":"dashboard/ui/modulos","cod_usuario":"4","extra":{"moduloId":4,"menuId":1,"nextOpen":true}}
{"timestamp":"2026-04-08T18:04:39.965Z","buttonId":"modulos-select-categoria","label":"Seleccionar categoria","module":"dashboard/ui/modulos","route":"/dashboard//configuracion/crud/configuracion","cod_usuario":"4","extra":{"moduloId":4,"menuId":1,"categoriaId":45,"moduloNombre":"Configuracion","menuNombre":"Catalogos","categoriaNombre":"Configuracion"}}
{"timestamp":"2026-04-08T18:04:46.576Z","buttonId":"modulos-select-categoria","label":"Seleccionar categoria","module":"dashboard/ui/modulos","route":"/dashboard//configuracion/crud/catalogo_errores","cod_usuario":"4","extra":{"moduloId":4,"menuId":1,"categoriaId":15,"moduloNombre":"Configuracion","menuNombre":"Catalogos","categoriaNombre":"Catálogo de Errores"}}
{"timestamp":"2026-04-08T18:04:48.468Z","buttonId":"modulos-select-categoria","label":"Seleccionar categoria","module":"dashboard/ui/modulos","route":"/dashboard//configuracion/crud/catalogo_documentacion","cod_usuario":"4","extra":{"moduloId":4,"menuId":1,"categoriaId":16,"moduloNombre":"Configuracion","menuNombre":"Catalogos","categoriaNombre":"Catálogo de Documentación"}}
{"timestamp":"2026-04-08T18:04:53.820Z","buttonId":"modulos-toggle-menu","label":"Cerrar menu","module":"dashboard/ui/modulos","cod_usuario":"4","extra":{"moduloId":4,"menuId":1,"nextOpen":false}}
{"timestamp":"2026-04-08T18:04:53.820Z","eventName":"toggle_menu","kind":"toggle","module":"dashboard/ui/modulos","cod_usuario":"4","extra":{"moduloId":4,"menuId":1,"nextOpen":false}}
{"timestamp":"2026-04-08T18:04:54.501Z","eventName":"toggle_modulo","kind":"toggle","module":"dashboard/ui/modulos","cod_usuario":"4","extra":{"moduloId":4,"nextOpen":false}}
{"timestamp":"2026-04-08T18:04:56.265Z","eventName":"toggle_modulo","kind":"toggle","module":"dashboard/ui/modulos","cod_usuario":"4","extra":{"moduloId":9,"nextOpen":true}}
{"timestamp":"2026-04-08T18:04:57.852Z","buttonId":"modulos-toggle-menu","label":"Abrir menu","module":"dashboard/ui/modulos","cod_usuario":"4","extra":{"moduloId":9,"menuId":25,"nextOpen":true}}
{"timestamp":"2026-04-08T18:04:57.852Z","eventName":"toggle_menu","kind":"toggle","module":"dashboard/ui/modulos","cod_usuario":"4","extra":{"moduloId":9,"menuId":25,"nextOpen":true}}
{"timestamp":"2026-04-08T18:04:58.988Z","buttonId":"modulos-select-categoria","label":"Seleccionar categoria","module":"dashboard/ui/modulos","route":"/dashboard//tarifas/tarifa/tarifas","cod_usuario":"4","extra":{"moduloId":9,"menuId":25,"categoriaId":55,"moduloNombre":"Pricing","menuNombre":"Tarifa","categoriaNombre":"Tarifas"}}
{"timestamp":"2026-04-08T18:06:51.281Z","eventName":"toggle_modulo","kind":"toggle","module":"dashboard/ui/modulos","cod_usuario":"4","extra":{"moduloId":4,"nextOpen":true}}
{"timestamp":"2026-04-08T18:06:52.430Z","buttonId":"modulos-toggle-menu","label":"Abrir menu","module":"dashboard/ui/modulos","cod_usuario":"4","extra":{"moduloId":4,"menuId":1,"nextOpen":true}}
{"timestamp":"2026-04-08T18:06:52.435Z","eventName":"toggle_menu","kind":"toggle","module":"dashboard/ui/modulos","cod_usuario":"4","extra":{"moduloId":4,"menuId":1,"nextOpen":true}}
{"timestamp":"2026-04-08T18:06:54.776Z","buttonId":"modulos-select-categoria","label":"Seleccionar categoria","module":"dashboard/ui/modulos","route":"/dashboard//configuracion/crud/commodities","cod_usuario":"4","extra":{"moduloId":4,"menuId":1,"categoriaId":72,"moduloNombre":"Configuracion","menuNombre":"Catalogos","categoriaNombre":"Commodities"}}
{"timestamp":"2026-04-08T18:12:11.273Z","buttonId":"modulos-select-categoria","label":"Seleccionar categoria","module":"dashboard/ui/modulos","route":"/dashboard//configuracion/crud/commodities","cod_usuario":"4","extra":{"moduloId":4,"menuId":1,"categoriaId":72,"moduloNombre":"Configuracion","menuNombre":"Catalogos","categoriaNombre":"Commodities"}}
{"timestamp":"2026-04-08T18:12:13.573Z","eventName":"toggle_modulo","kind":"toggle","module":"dashboard/ui/modulos","cod_usuario":"4","extra":{"moduloId":9,"nextOpen":true}}
{"timestamp":"2026-04-08T18:12:15.193Z","buttonId":"modulos-toggle-menu","label":"Abrir menu","module":"dashboard/ui/modulos","cod_usuario":"4","extra":{"moduloId":9,"menuId":25,"nextOpen":true}}
{"timestamp":"2026-04-08T18:12:15.193Z","eventName":"toggle_menu","kind":"toggle","module":"dashboard/ui/modulos","cod_usuario":"4","extra":{"moduloId":9,"menuId":25,"nextOpen":true}}
{"timestamp":"2026-04-08T18:12:16.388Z","buttonId":"modulos-select-categoria","label":"Seleccionar categoria","module":"dashboard/ui/modulos","route":"/dashboard//tarifas/tarifa/tarifas","cod_usuario":"4","extra":{"moduloId":9,"menuId":25,"categoriaId":55,"moduloNombre":"Pricing","menuNombre":"Tarifa","categoriaNombre":"Tarifas"}}
{"timestamp":"2026-04-08T18:25:32.487Z","buttonId":"modulos-toggle-menu","label":"Abrir menu","module":"dashboard/ui/modulos","cod_usuario":"4","extra":{"moduloId":9,"menuId":79,"nextOpen":true}}
{"timestamp":"2026-04-08T18:25:32.488Z","eventName":"toggle_menu","kind":"toggle","module":"dashboard/ui/modulos","cod_usuario":"4","extra":{"moduloId":9,"menuId":79,"nextOpen":true}}
{"timestamp":"2026-04-08T18:25:33.983Z","buttonId":"modulos-toggle-menu","label":"Cerrar menu","module":"dashboard/ui/modulos","cod_usuario":"4","extra":{"moduloId":9,"menuId":79,"nextOpen":false}}
{"timestamp":"2026-04-08T18:25:33.983Z","eventName":"toggle_menu","kind":"toggle","module":"dashboard/ui/modulos","cod_usuario":"4","extra":{"moduloId":9,"menuId":79,"nextOpen":false}}
{"timestamp":"2026-04-08T18:25:34.954Z","buttonId":"modulos-toggle-menu","label":"Abrir menu","module":"dashboard/ui/modulos","cod_usuario":"4","extra":{"moduloId":9,"menuId":25,"nextOpen":true}}
{"timestamp":"2026-04-08T18:25:34.955Z","eventName":"toggle_menu","kind":"toggle","module":"dashboard/ui/modulos","cod_usuario":"4","extra":{"moduloId":9,"menuId":25,"nextOpen":true}}
{"timestamp":"2026-04-08T18:25:36.131Z","buttonId":"modulos-select-categoria","label":"Seleccionar categoria","module":"dashboard/ui/modulos","route":"/dashboard//tarifas/tarifa/tarifas","cod_usuario":"4","extra":{"moduloId":9,"menuId":25,"categoriaId":55,"moduloNombre":"Pricing","menuNombre":"Tarifa","categoriaNombre":"Tarifas"}}
{"timestamp":"2026-04-08T21:35:44.777Z","eventName":"modulos_filter_change","kind":"input_change","module":"dashboard/ui/modulos","cod_usuario":"4","extra":{"valueLength":1}}
{"timestamp":"2026-04-08T21:35:44.803Z","eventName":"modulos_filter_change","kind":"input_change","module":"dashboard/ui/modulos","cod_usuario":"4","extra":{"valueLength":2}}
{"timestamp":"2026-04-08T21:35:44.853Z","eventName":"modulos_filter_change","kind":"input_change","module":"dashboard/ui/modulos","cod_usuario":"4","extra":{"valueLength":3}}
{"timestamp":"2026-04-08T21:35:46.140Z","eventName":"toggle_menu","kind":"toggle","module":"dashboard/ui/modulos","cod_usuario":"4","extra":{"moduloId":9,"menuId":25,"nextOpen":true}}
{"timestamp":"2026-04-08T21:35:46.275Z","buttonId":"modulos-toggle-menu","label":"Abrir menu","module":"dashboard/ui/modulos","cod_usuario":"4","extra":{"moduloId":9,"menuId":25,"nextOpen":true}}
{"timestamp":"2026-04-15T16:10:53.999Z","eventName":"toggle_modulo","kind":"toggle","module":"dashboard/ui/modulos","cod_usuario":"4","extra":{"moduloId":12,"nextOpen":true}}
{"timestamp":"2026-04-15T16:10:54.399Z","eventName":"toggle_modulo","kind":"toggle","module":"dashboard/ui/modulos","cod_usuario":"4","extra":{"moduloId":12,"nextOpen":false}}
{"timestamp":"2026-04-15T16:10:55.273Z","eventName":"toggle_modulo","kind":"toggle","module":"dashboard/ui/modulos","cod_usuario":"4","extra":{"moduloId":18,"nextOpen":true}}
{"timestamp":"2026-04-15T16:10:55.756Z","eventName":"toggle_modulo","kind":"toggle","module":"dashboard/ui/modulos","cod_usuario":"4","extra":{"moduloId":18,"nextOpen":false}}
{"timestamp":"2026-04-15T16:10:56.261Z","eventName":"toggle_modulo","kind":"toggle","module":"dashboard/ui/modulos","cod_usuario":"4","extra":{"moduloId":4,"nextOpen":true}}
{"timestamp":"2026-04-15T16:10:57.196Z","buttonId":"modulos-toggle-menu","label":"Abrir menu","module":"dashboard/ui/modulos","cod_usuario":"4","extra":{"moduloId":4,"menuId":3,"nextOpen":true}}
{"timestamp":"2026-04-15T16:10:57.213Z","eventName":"toggle_menu","kind":"toggle","module":"dashboard/ui/modulos","cod_usuario":"4","extra":{"moduloId":4,"menuId":3,"nextOpen":true}}
{"timestamp":"2026-04-15T16:10:57.559Z","buttonId":"modulos-toggle-menu","label":"Cerrar menu","module":"dashboard/ui/modulos","cod_usuario":"4","extra":{"moduloId":4,"menuId":3,"nextOpen":false}}
{"timestamp":"2026-04-15T16:10:57.559Z","eventName":"toggle_menu","kind":"toggle","module":"dashboard/ui/modulos","cod_usuario":"4","extra":{"moduloId":4,"menuId":3,"nextOpen":false}}
{"timestamp":"2026-04-15T16:10:58.649Z","buttonId":"modulos-toggle-menu","label":"Abrir menu","module":"dashboard/ui/modulos","cod_usuario":"4","extra":{"moduloId":4,"menuId":1,"nextOpen":true}}
{"timestamp":"2026-04-15T16:10:58.650Z","eventName":"toggle_menu","kind":"toggle","module":"dashboard/ui/modulos","cod_usuario":"4","extra":{"moduloId":4,"menuId":1,"nextOpen":true}}
{"timestamp":"2026-04-15T16:10:59.266Z","buttonId":"modulos-select-categoria","label":"Seleccionar categoria","module":"dashboard/ui/modulos","route":"/dashboard//configuracion/crud/catalogo_documentacion","cod_usuario":"4","extra":{"moduloId":4,"menuId":1,"categoriaId":16,"moduloNombre":"Configuracion","menuNombre":"Catalogos","categoriaNombre":"Catálogo de Documentación"}}
{"timestamp":"2026-04-15T16:11:04.386Z","buttonId":"modulos-select-categoria","label":"Seleccionar categoria","module":"dashboard/ui/modulos","route":"/dashboard//configuracion/crud/catalogo_errores","cod_usuario":"4","extra":{"moduloId":4,"menuId":1,"categoriaId":15,"moduloNombre":"Configuracion","menuNombre":"Catalogos","categoriaNombre":"Catálogo de Errores"}}
{"timestamp":"2026-04-15T16:11:08.721Z","buttonId":"modulos-select-categoria","label":"Seleccionar categoria","module":"dashboard/ui/modulos","route":"/dashboard//configuracion/crud/commodities","cod_usuario":"4","extra":{"moduloId":4,"menuId":1,"categoriaId":72,"moduloNombre":"Configuracion","menuNombre":"Catalogos","categoriaNombre":"Commodities"}}
{"timestamp":"2026-04-15T16:11:13.447Z","buttonId":"modulos-select-categoria","label":"Seleccionar categoria","module":"dashboard/ui/modulos","route":"/dashboard//configuracion/crud/configuracion","cod_usuario":"4","extra":{"moduloId":4,"menuId":1,"categoriaId":45,"moduloNombre":"Configuracion","menuNombre":"Catalogos","categoriaNombre":"Configuracion"}}
{"timestamp":"2026-04-15T16:11:17.843Z","buttonId":"modulos-select-categoria","label":"Seleccionar categoria","module":"dashboard/ui/modulos","route":"/dashboard//configuracion/crud/commodities","cod_usuario":"4","extra":{"moduloId":4,"menuId":1,"categoriaId":72,"moduloNombre":"Configuracion","menuNombre":"Catalogos","categoriaNombre":"Commodities"}}
{"timestamp":"2026-04-15T16:11:25.095Z","buttonId":"modulos-select-categoria","label":"Seleccionar categoria","module":"dashboard/ui/modulos","route":"/dashboard//configuracion/crud/catalogo_errores","cod_usuario":"4","extra":{"moduloId":4,"menuId":1,"categoriaId":15,"moduloNombre":"Configuracion","menuNombre":"Catalogos","categoriaNombre":"Catálogo de Errores"}}
{"timestamp":"2026-04-15T16:11:26.142Z","buttonId":"modulos-select-categoria","label":"Seleccionar categoria","module":"dashboard/ui/modulos","route":"/dashboard//configuracion/crud/catalogo_documentacion","cod_usuario":"4","extra":{"moduloId":4,"menuId":1,"categoriaId":16,"moduloNombre":"Configuracion","menuNombre":"Catalogos","categoriaNombre":"Catálogo de Documentación"}}
{"timestamp":"2026-04-15T16:11:27.943Z","buttonId":"modulos-select-categoria","label":"Seleccionar categoria","module":"dashboard/ui/modulos","route":"/dashboard//configuracion/crud/configuracion","cod_usuario":"4","extra":{"moduloId":4,"menuId":1,"categoriaId":45,"moduloNombre":"Configuracion","menuNombre":"Catalogos","categoriaNombre":"Configuracion"}}
{"timestamp":"2026-04-15T16:11:29.381Z","buttonId":"modulos-select-categoria","label":"Seleccionar categoria","module":"dashboard/ui/modulos","route":"/dashboard//configuracion/crud/commodities","cod_usuario":"4","extra":{"moduloId":4,"menuId":1,"categoriaId":72,"moduloNombre":"Configuracion","menuNombre":"Catalogos","categoriaNombre":"Commodities"}}
{"timestamp":"2026-04-15T16:11:31.934Z","eventName":"toggle_modulo","kind":"toggle","module":"dashboard/ui/modulos","cod_usuario":"4","extra":{"moduloId":9,"nextOpen":true}}
{"timestamp":"2026-04-15T16:11:33.098Z","buttonId":"modulos-toggle-menu","label":"Abrir menu","module":"dashboard/ui/modulos","cod_usuario":"4","extra":{"moduloId":9,"menuId":79,"nextOpen":true}}
{"timestamp":"2026-04-15T16:11:33.099Z","eventName":"toggle_menu","kind":"toggle","module":"dashboard/ui/modulos","cod_usuario":"4","extra":{"moduloId":9,"menuId":79,"nextOpen":true}}
{"timestamp":"2026-04-15T16:11:34.325Z","buttonId":"modulos-toggle-menu","label":"Abrir menu","module":"dashboard/ui/modulos","cod_usuario":"4","extra":{"moduloId":9,"menuId":25,"nextOpen":true}}
{"timestamp":"2026-04-15T16:11:34.325Z","eventName":"toggle_menu","kind":"toggle","module":"dashboard/ui/modulos","cod_usuario":"4","extra":{"moduloId":9,"menuId":25,"nextOpen":true}}
{"timestamp":"2026-04-15T16:11:35.947Z","buttonId":"modulos-select-categoria","label":"Seleccionar categoria","module":"dashboard/ui/modulos","route":"/dashboard//tarifas/tarifa/tarifas","cod_usuario":"4","extra":{"moduloId":9,"menuId":25,"categoriaId":55,"moduloNombre":"Pricing","menuNombre":"Tarifa","categoriaNombre":"Tarifas"}}
{"timestamp":"2026-04-15T22:15:39.926Z","eventName":"modulos_filter_change","kind":"input_change","module":"dashboard/ui/modulos","cod_usuario":"4","extra":{"valueLength":9}}
{"timestamp":"2026-04-15T22:15:41.166Z","eventName":"modulos_filter_change","kind":"input_change","module":"dashboard/ui/modulos","cod_usuario":"4","extra":{"valueLength":0}}
{"timestamp":"2026-04-15T22:15:50.608Z","eventName":"toggle_modulo","kind":"toggle","module":"dashboard/ui/modulos","cod_usuario":"4","extra":{"moduloId":4,"nextOpen":true}}
{"timestamp":"2026-04-15T22:15:51.627Z","buttonId":"modulos-toggle-menu","label":"Abrir menu","module":"dashboard/ui/modulos","cod_usuario":"4","extra":{"moduloId":4,"menuId":1,"nextOpen":true}}
{"timestamp":"2026-04-15T22:15:51.636Z","eventName":"toggle_menu","kind":"toggle","module":"dashboard/ui/modulos","cod_usuario":"4","extra":{"moduloId":4,"menuId":1,"nextOpen":true}}
{"timestamp":"2026-04-15T22:15:52.971Z","buttonId":"modulos-select-categoria","label":"Seleccionar categoria","module":"dashboard/ui/modulos","route":"/dashboard//configuracion/crud/catalogo_errores","cod_usuario":"4","extra":{"moduloId":4,"menuId":1,"categoriaId":15,"moduloNombre":"Configuracion","menuNombre":"Catalogos","categoriaNombre":"Catálogo de Errores"}}
{"timestamp":"2026-04-15T22:15:54.034Z","buttonId":"modulos-select-categoria","label":"Seleccionar categoria","module":"dashboard/ui/modulos","route":"/dashboard//configuracion/crud/catalogo_documentacion","cod_usuario":"4","extra":{"moduloId":4,"menuId":1,"categoriaId":16,"moduloNombre":"Configuracion","menuNombre":"Catalogos","categoriaNombre":"Catálogo de Documentación"}}
{"timestamp":"2026-04-15T22:15:56.308Z","buttonId":"modulos-select-categoria","label":"Seleccionar categoria","module":"dashboard/ui/modulos","route":"/dashboard//configuracion/crud/commodities","cod_usuario":"4","extra":{"moduloId":4,"menuId":1,"categoriaId":72,"moduloNombre":"Configuracion","menuNombre":"Catalogos","categoriaNombre":"Commodities"}}
{"timestamp":"2026-04-15T22:15:57.719Z","buttonId":"modulos-select-categoria","label":"Seleccionar categoria","module":"dashboard/ui/modulos","route":"/dashboard//configuracion/crud/configuracion","cod_usuario":"4","extra":{"moduloId":4,"menuId":1,"categoriaId":45,"moduloNombre":"Configuracion","menuNombre":"Catalogos","categoriaNombre":"Configuracion"}}
{"timestamp":"2026-04-15T22:15:59.472Z","eventName":"toggle_modulo","kind":"toggle","module":"dashboard/ui/modulos","cod_usuario":"4","extra":{"moduloId":21,"nextOpen":true}}
{"timestamp":"2026-04-15T22:16:00.831Z","eventName":"toggle_menu","kind":"toggle","module":"dashboard/ui/modulos","cod_usuario":"4","extra":{"moduloId":21,"menuId":127,"nextOpen":true}}
{"timestamp":"2026-04-15T22:16:00.831Z","buttonId":"modulos-toggle-menu","label":"Abrir menu","module":"dashboard/ui/modulos","cod_usuario":"4","extra":{"moduloId":21,"menuId":127,"nextOpen":true}}
{"timestamp":"2026-04-15T22:16:02.926Z","eventName":"toggle_modulo","kind":"toggle","module":"dashboard/ui/modulos","cod_usuario":"4","extra":{"moduloId":9,"nextOpen":true}}
{"timestamp":"2026-04-15T22:16:04.053Z","eventName":"toggle_menu","kind":"toggle","module":"dashboard/ui/modulos","cod_usuario":"4","extra":{"moduloId":9,"menuId":29,"nextOpen":true}}
{"timestamp":"2026-04-15T22:16:04.054Z","buttonId":"modulos-toggle-menu","label":"Abrir menu","module":"dashboard/ui/modulos","cod_usuario":"4","extra":{"moduloId":9,"menuId":29,"nextOpen":true}}
{"timestamp":"2026-04-15T22:16:04.743Z","buttonId":"modulos-select-categoria","label":"Seleccionar categoria","module":"dashboard/ui/modulos","route":"/dashboard//tarifas/cotizacion/solicitud-cotizacion","cod_usuario":"4","extra":{"moduloId":9,"menuId":29,"categoriaId":71,"moduloNombre":"Pricing","menuNombre":"Cotizaciones","categoriaNombre":"Solicitud de Cotización"}}
{"timestamp":"2026-04-15T22:16:06.230Z","buttonId":"modulos-toggle-menu","label":"Abrir menu","module":"dashboard/ui/modulos","cod_usuario":"4","extra":{"moduloId":9,"menuId":25,"nextOpen":true}}
{"timestamp":"2026-04-15T22:16:06.231Z","eventName":"toggle_menu","kind":"toggle","module":"dashboard/ui/modulos","cod_usuario":"4","extra":{"moduloId":9,"menuId":25,"nextOpen":true}}
{"timestamp":"2026-04-15T22:16:07.232Z","buttonId":"modulos-select-categoria","label":"Seleccionar categoria","module":"dashboard/ui/modulos","route":"/dashboard//tarifas/tarifa/tarifas","cod_usuario":"4","extra":{"moduloId":9,"menuId":25,"categoriaId":55,"moduloNombre":"Pricing","menuNombre":"Tarifa","categoriaNombre":"Tarifas"}}
{"timestamp":"2026-04-20T14:31:17.316Z","eventName":"toggle_modulo","kind":"toggle","module":"dashboard/ui/modulos","cod_usuario":"4","extra":{"moduloId":9,"nextOpen":true}}
{"timestamp":"2026-04-20T14:31:18.122Z","eventName":"toggle_menu","kind":"toggle","module":"dashboard/ui/modulos","cod_usuario":"4","extra":{"moduloId":9,"menuId":25,"nextOpen":true}}
{"timestamp":"2026-04-20T14:31:18.263Z","buttonId":"modulos-toggle-menu","label":"Abrir menu","module":"dashboard/ui/modulos","cod_usuario":"4","extra":{"moduloId":9,"menuId":25,"nextOpen":true}}
{"timestamp":"2026-04-20T14:31:20.651Z","buttonId":"modulos-select-categoria","label":"Seleccionar categoria","module":"dashboard/ui/modulos","route":"/dashboard//tarifas/tarifa/tarifas","cod_usuario":"4","extra":{"moduloId":9,"menuId":25,"categoriaId":55,"moduloNombre":"Pricing","menuNombre":"Tarifa","categoriaNombre":"Tarifas"}}
{"timestamp":"2026-04-20T15:27:39.788Z","eventName":"toggle_modulo","kind":"toggle","module":"dashboard/ui/modulos","cod_usuario":"4","extra":{"moduloId":4,"nextOpen":true}}
{"timestamp":"2026-04-20T15:27:40.416Z","eventName":"toggle_menu","kind":"toggle","module":"dashboard/ui/modulos","cod_usuario":"4","extra":{"moduloId":4,"menuId":3,"nextOpen":true}}
{"timestamp":"2026-04-20T15:27:40.563Z","buttonId":"modulos-toggle-menu","label":"Abrir menu","module":"dashboard/ui/modulos","cod_usuario":"4","extra":{"moduloId":4,"menuId":3,"nextOpen":true}}
{"timestamp":"2026-04-20T15:27:41.564Z","buttonId":"modulos-toggle-menu","label":"Cerrar menu","module":"dashboard/ui/modulos","cod_usuario":"4","extra":{"moduloId":4,"menuId":3,"nextOpen":false}}
{"timestamp":"2026-04-20T15:27:41.564Z","eventName":"toggle_menu","kind":"toggle","module":"dashboard/ui/modulos","cod_usuario":"4","extra":{"moduloId":4,"menuId":3,"nextOpen":false}}
{"timestamp":"2026-04-20T15:27:42.221Z","buttonId":"modulos-toggle-menu","label":"Abrir menu","module":"dashboard/ui/modulos","cod_usuario":"4","extra":{"moduloId":4,"menuId":1,"nextOpen":true}}
{"timestamp":"2026-04-20T15:27:42.221Z","eventName":"toggle_menu","kind":"toggle","module":"dashboard/ui/modulos","cod_usuario":"4","extra":{"moduloId":4,"menuId":1,"nextOpen":true}}
{"timestamp":"2026-04-20T15:27:43.196Z","buttonId":"modulos-select-categoria","label":"Seleccionar categoria","module":"dashboard/ui/modulos","route":"/dashboard//configuracion/crud/catalogo_documentacion","cod_usuario":"4","extra":{"moduloId":4,"menuId":1,"categoriaId":16,"moduloNombre":"Configuracion","menuNombre":"Catalogos","categoriaNombre":"Catálogo de Documentación"}}
{"timestamp":"2026-04-20T15:27:46.866Z","buttonId":"modulos-select-categoria","label":"Seleccionar categoria","module":"dashboard/ui/modulos","route":"/dashboard//configuracion/crud/catalogo_errores","cod_usuario":"4","extra":{"moduloId":4,"menuId":1,"categoriaId":15,"moduloNombre":"Configuracion","menuNombre":"Catalogos","categoriaNombre":"Catálogo de Errores"}}
{"timestamp":"2026-04-20T15:27:49.378Z","buttonId":"modulos-select-categoria","label":"Seleccionar categoria","module":"dashboard/ui/modulos","route":"/dashboard//configuracion/crud/commodities","cod_usuario":"4","extra":{"moduloId":4,"menuId":1,"categoriaId":72,"moduloNombre":"Configuracion","menuNombre":"Catalogos","categoriaNombre":"Commodities"}}
{"timestamp":"2026-04-20T15:27:51.579Z","buttonId":"modulos-select-categoria","label":"Seleccionar categoria","module":"dashboard/ui/modulos","route":"/dashboard//configuracion/crud/configuracion","cod_usuario":"4","extra":{"moduloId":4,"menuId":1,"categoriaId":45,"moduloNombre":"Configuracion","menuNombre":"Catalogos","categoriaNombre":"Configuracion"}}
{"timestamp":"2026-04-20T15:31:41.033Z","buttonId":"modulos-select-categoria","label":"Seleccionar categoria","module":"dashboard/ui/modulos","route":"/dashboard//configuracion/crud/configuracion","cod_usuario":"4","extra":{"moduloId":4,"menuId":1,"categoriaId":45,"moduloNombre":"Configuracion","menuNombre":"Catalogos","categoriaNombre":"Configuracion"}}
{"timestamp":"2026-04-20T15:31:42.534Z","buttonId":"modulos-select-categoria","label":"Seleccionar categoria","module":"dashboard/ui/modulos","route":"/dashboard//configuracion/crud/commodities","cod_usuario":"4","extra":{"moduloId":4,"menuId":1,"categoriaId":72,"moduloNombre":"Configuracion","menuNombre":"Catalogos","categoriaNombre":"Commodities"}}
{"timestamp":"2026-04-20T15:31:45.003Z","buttonId":"modulos-select-categoria","label":"Seleccionar categoria","module":"dashboard/ui/modulos","route":"/dashboard//configuracion/crud/catalogo_errores","cod_usuario":"4","extra":{"moduloId":4,"menuId":1,"categoriaId":15,"moduloNombre":"Configuracion","menuNombre":"Catalogos","categoriaNombre":"Catálogo de Errores"}}
{"timestamp":"2026-04-20T15:31:46.291Z","buttonId":"modulos-select-categoria","label":"Seleccionar categoria","module":"dashboard/ui/modulos","route":"/dashboard//configuracion/crud/catalogo_documentacion","cod_usuario":"4","extra":{"moduloId":4,"menuId":1,"categoriaId":16,"moduloNombre":"Configuracion","menuNombre":"Catalogos","categoriaNombre":"Catálogo de Documentación"}}
{"timestamp":"2026-04-20T15:32:12.624Z","eventName":"toggle_modulo","kind":"toggle","module":"dashboard/ui/modulos","cod_usuario":"4","extra":{"moduloId":4,"nextOpen":false}}
{"timestamp":"2026-04-20T15:32:14.277Z","eventName":"toggle_modulo","kind":"toggle","module":"dashboard/ui/modulos","cod_usuario":"4","extra":{"moduloId":9,"nextOpen":true}}
{"timestamp":"2026-04-20T15:32:15.483Z","eventName":"toggle_menu","kind":"toggle","module":"dashboard/ui/modulos","cod_usuario":"4","extra":{"moduloId":9,"menuId":25,"nextOpen":true}}
{"timestamp":"2026-04-20T15:32:15.484Z","buttonId":"modulos-toggle-menu","label":"Abrir menu","module":"dashboard/ui/modulos","cod_usuario":"4","extra":{"moduloId":9,"menuId":25,"nextOpen":true}}
{"timestamp":"2026-04-20T15:32:17.122Z","buttonId":"modulos-select-categoria","label":"Seleccionar categoria","module":"dashboard/ui/modulos","route":"/dashboard//tarifas/tarifa/tarifas","cod_usuario":"4","extra":{"moduloId":9,"menuId":25,"categoriaId":55,"moduloNombre":"Pricing","menuNombre":"Tarifa","categoriaNombre":"Tarifas"}}
{"timestamp":"2026-04-21T16:59:23.677Z","eventName":"toggle_modulo","kind":"toggle","module":"dashboard/ui/modulos","cod_usuario":"4","extra":{"moduloId":9,"nextOpen":true}}
{"timestamp":"2026-04-21T16:59:24.953Z","eventName":"toggle_menu","kind":"toggle","module":"dashboard/ui/modulos","cod_usuario":"4","extra":{"moduloId":9,"menuId":29,"nextOpen":true}}
{"timestamp":"2026-04-21T16:59:25.031Z","buttonId":"modulos-toggle-menu","label":"Abrir menu","module":"dashboard/ui/modulos","cod_usuario":"4","extra":{"moduloId":9,"menuId":29,"nextOpen":true}}
{"timestamp":"2026-04-21T16:59:26.237Z","buttonId":"modulos-select-categoria","label":"Seleccionar categoria","module":"dashboard/ui/modulos","route":"/dashboard//tarifas/cotizacion/solicitud-cotizacion","cod_usuario":"4","extra":{"moduloId":9,"menuId":29,"categoriaId":71,"moduloNombre":"Pricing","menuNombre":"Cotizaciones","categoriaNombre":"Solicitud de Cotización"}}
{"timestamp":"2026-04-21T18:03:15.137Z","buttonId":"modulos-toggle-menu","label":"Abrir menu","module":"dashboard/ui/modulos","cod_usuario":"4","extra":{"moduloId":9,"menuId":79,"nextOpen":true}}
{"timestamp":"2026-04-21T18:03:15.138Z","eventName":"toggle_menu","kind":"toggle","module":"dashboard/ui/modulos","cod_usuario":"4","extra":{"moduloId":9,"menuId":79,"nextOpen":true}}
{"timestamp":"2026-04-21T18:03:16.056Z","buttonId":"modulos-select-categoria","label":"Seleccionar categoria","module":"dashboard/ui/modulos","route":"/dashboard//tarifas/correlativos/house","cod_usuario":"4","extra":{"moduloId":9,"menuId":79,"categoriaId":87,"moduloNombre":"Pricing","menuNombre":"Correlativos","categoriaNombre":"House"}}
{"timestamp":"2026-04-21T20:59:37.291Z","buttonId":"modulos-toggle-menu","label":"Abrir menu","module":"dashboard/ui/modulos","cod_usuario":"4","extra":{"moduloId":9,"menuId":79,"nextOpen":true}}
{"timestamp":"2026-04-21T20:59:37.292Z","eventName":"toggle_menu","kind":"toggle","module":"dashboard/ui/modulos","cod_usuario":"4","extra":{"moduloId":9,"menuId":79,"nextOpen":true}}
{"timestamp":"2026-04-21T20:59:38.281Z","buttonId":"modulos-select-categoria","label":"Seleccionar categoria","module":"dashboard/ui/modulos","route":"/dashboard//tarifas/correlativos/house","cod_usuario":"4","extra":{"moduloId":9,"menuId":79,"categoriaId":87,"moduloNombre":"Pricing","menuNombre":"Correlativos","categoriaNombre":"House"}}
{"timestamp":"2026-04-23T14:13:16.828Z","eventName":"toggle_modulo","kind":"toggle","module":"dashboard/ui/modulos","cod_usuario":"4","extra":{"moduloId":9,"nextOpen":true}}
{"timestamp":"2026-04-23T14:13:17.518Z","eventName":"toggle_menu","kind":"toggle","module":"dashboard/ui/modulos","cod_usuario":"4","extra":{"moduloId":9,"menuId":25,"nextOpen":true}}
{"timestamp":"2026-04-23T14:13:17.603Z","buttonId":"modulos-toggle-menu","label":"Abrir menu","module":"dashboard/ui/modulos","cod_usuario":"4","extra":{"moduloId":9,"menuId":25,"nextOpen":true}}
{"timestamp":"2026-04-23T14:13:19.875Z","buttonId":"modulos-select-categoria","label":"Seleccionar categoria","module":"dashboard/ui/modulos","route":"/dashboard//tarifas/tarifa/tarifas","cod_usuario":"4","extra":{"moduloId":9,"menuId":25,"categoriaId":55,"moduloNombre":"Pricing","menuNombre":"Tarifa","categoriaNombre":"Tarifas"}}
{"timestamp":"2026-04-23T14:23:05.022Z","buttonId":"modulos-select-categoria","label":"Seleccionar categoria","module":"dashboard/ui/modulos","route":"/dashboard//tarifas/tarifa/tarifas","cod_usuario":"4","extra":{"moduloId":9,"menuId":25,"categoriaId":55,"moduloNombre":"Pricing","menuNombre":"Tarifa","categoriaNombre":"Tarifas"}}
